<?xml version="1.0" encoding="UTF-8"?>
<testsuite name="com.ebookfrenzy.project05.ExampleUnitTest" tests="1" skipped="0" failures="0" errors="0" timestamp="2020-10-26T05:26:48" hostname="Zacharys-MBP.attlocal.net" time="0.002">
  <properties/>
  <testcase name="addition_isCorrect" classname="com.ebookfrenzy.project05.ExampleUnitTest" time="0.002"/>
  <system-out><![CDATA[]]></system-out>
  <system-err><![CDATA[]]></system-err>
</testsuite>
